<?xml version="1.0" encoding="UTF-8"?>
<!-- Generated by org.testng.reporters.JUnitXMLReporter -->
<testsuite ignored="0" hostname="Abdul-Hamid-Raza" failures="0" tests="4" name="Default test" time="26.102" errors="0" timestamp="2020-07-19T02:09:04 IST">
  <testcase classname="testNGParallel.TestParallelMethodClass1" name="openGoogle" time="1.093"/>
  <testcase classname="testNGParallel.TestParallelMethodClass1" name="openGuru99" time="5.072"/>
  <testcase classname="testNGParallel.TestParallelMethodClass1" name="openIn" time="1.01"/>
  <testcase classname="testNGParallel.TestParallelMethodClass1" name="openYahoo" time="1.836"/>
</testsuite> <!-- Default test -->
