<?xml version="1.0" encoding="UTF-8"?>
<!-- Generated by org.testng.reporters.JUnitXMLReporter -->
<testsuite ignored="0" hostname="Abdul-Hamid-Raza" failures="0" tests="3" name="Default test" time="22.402" errors="0" timestamp="2020-07-17T14:40:47 IST">
  <testcase classname="testNGTestPackage.TestNGTestingParallel" name="login" time="2.62"/>
  <testcase classname="testNGTestPackage.TestNGTestingParallel" name="goToNewAccount" time="5.218"/>
  <testcase classname="testNGTestPackage.TestNGTestingParallel" name="goToNewCust" time="5.683"/>
</testsuite> <!-- Default test -->
