<?xml version="1.0" encoding="UTF-8"?>
<!-- Generated by org.testng.reporters.JUnitXMLReporter -->
<testsuite ignored="0" hostname="Abdul-Hamid-Raza" failures="0" tests="3" name="Test1" time="26.269" errors="0" timestamp="2020-07-19T21:30:44 IST">
  <testcase classname="testNGParallel.TestNGParallelThreadLocal" name="openGUru99" time="13.232"/>
  <testcase classname="testNGParallel.TestNGParallelThreadLocal" name="openGoogle" time="3.906"/>
  <testcase classname="testNGParallel.TestNGParallelThreadLocal" name="openInCom" time="1.925"/>
</testsuite> <!-- Test1 -->
