<?xml version="1.0" encoding="UTF-8"?>
<!-- Generated by org.testng.reporters.JUnitXMLReporter -->
<testsuite ignored="0" hostname="Abdul-Hamid-Raza" failures="0" tests="3" name="Test3" time="61.24" errors="0" timestamp="2020-07-19T21:31:19 IST">
  <testcase classname="testNGParallel.TestNGParallelThreadLocal" name="openGUru99" time="13.796"/>
  <testcase classname="testNGParallel.TestNGParallelThreadLocal" name="openGoogle" time="3.286"/>
  <testcase classname="testNGParallel.TestNGParallelThreadLocal" name="openInCom" time="7.539"/>
</testsuite> <!-- Test3 -->
