<?xml version="1.0" encoding="UTF-8"?>
<!-- Generated by org.testng.reporters.JUnitXMLReporter -->
<testsuite ignored="0" hostname="Abdul-Hamid-Raza" failures="0" tests="3" name="Test4" time="25.96" errors="0" timestamp="2020-07-19T21:30:44 IST">
  <testcase classname="testNGParallel.TestNGParallelThreadLocal" name="openGUru99" time="9.219"/>
  <testcase classname="testNGParallel.TestNGParallelThreadLocal" name="openGoogle" time="4.905"/>
  <testcase classname="testNGParallel.TestNGParallelThreadLocal" name="openInCom" time="3.533"/>
</testsuite> <!-- Test4 -->
