<?xml version="1.0" encoding="UTF-8"?>
<!-- Generated by org.testng.reporters.JUnitXMLReporter -->
<testsuite ignored="0" hostname="Abdul-Hamid-Raza" failures="0" tests="4" name="Test" time="16.417" errors="0" timestamp="2020-07-19T02:16:10 IST">
  <testcase classname="testNGParallel.TestParallelMethodClass1" name="openGoogle" time="1.166"/>
  <testcase classname="testNGParallel.TestParallelMethodClass1" name="openGuru99" time="5.425"/>
  <testcase classname="testNGParallel.TestParallelMethodClass1" name="openIn" time="0.874"/>
  <testcase classname="testNGParallel.TestParallelMethodClass1" name="openYahoo" time="2.437"/>
</testsuite> <!-- Test -->
