<?xml version="1.0" encoding="UTF-8"?>
<testng-results ignored="0" total="12" passed="12" failed="0" skipped="0">
  <reporter-output>
  </reporter-output>
  <suite started-at="2020-07-19T21:30:18 IST" name="Suite" finished-at="2020-07-19T21:31:20 IST" duration-ms="62785">
    <groups>
    </groups>
    <test started-at="2020-07-19T21:30:18 IST" name="Test4" finished-at="2020-07-19T21:30:44 IST" duration-ms="25960">
      <class name="testNGParallel.TestNGParallelThreadLocal">
        <test-method is-config="true" signature="testSetUp(java.lang.String)[pri:0, instance:testNGParallel.TestNGParallelThreadLocal@3cc2931c]" started-at="2020-07-19T21:30:18 IST" name="testSetUp" finished-at="2020-07-19T21:30:25 IST" duration-ms="7030" status="PASS">
          <params>
            <param index="0">
              <value>
                <![CDATA[chrome]]>
              </value>
            </param>
          </params>
          <reporter-output>
          </reporter-output>
        </test-method> <!-- testSetUp -->
        <test-method signature="openGUru99()[pri:0, instance:testNGParallel.TestNGParallelThreadLocal@3cc2931c]" started-at="2020-07-19T21:30:25 IST" name="openGUru99" finished-at="2020-07-19T21:30:34 IST" duration-ms="9219" status="PASS">
          <reporter-output>
          </reporter-output>
        </test-method> <!-- openGUru99 -->
        <test-method signature="openGoogle(java.lang.String)[pri:0, instance:testNGParallel.TestNGParallelThreadLocal@3cc2931c]" started-at="2020-07-19T21:30:34 IST" name="openGoogle" finished-at="2020-07-19T21:30:39 IST" duration-ms="4905" status="PASS">
          <params>
            <param index="0">
              <value>
                <![CDATA[selenium]]>
              </value>
            </param>
          </params>
          <reporter-output>
          </reporter-output>
        </test-method> <!-- openGoogle -->
        <test-method signature="openInCom()[pri:0, instance:testNGParallel.TestNGParallelThreadLocal@3cc2931c]" started-at="2020-07-19T21:30:39 IST" name="openInCom" finished-at="2020-07-19T21:30:42 IST" duration-ms="3533" status="PASS">
          <reporter-output>
          </reporter-output>
        </test-method> <!-- openInCom -->
        <test-method is-config="true" signature="endTest()[pri:0, instance:testNGParallel.TestNGParallelThreadLocal@3cc2931c]" started-at="2020-07-19T21:30:42 IST" name="endTest" finished-at="2020-07-19T21:30:44 IST" duration-ms="1224" status="PASS">
          <reporter-output>
          </reporter-output>
        </test-method> <!-- endTest -->
      </class> <!-- testNGParallel.TestNGParallelThreadLocal -->
    </test> <!-- Test4 -->
    <test started-at="2020-07-19T21:30:18 IST" name="Test1" finished-at="2020-07-19T21:30:44 IST" duration-ms="26269">
      <class name="testNGParallel.TestNGParallelThreadLocal">
        <test-method is-config="true" signature="testSetUp(java.lang.String)[pri:0, instance:testNGParallel.TestNGParallelThreadLocal@6ce139a4]" started-at="2020-07-19T21:30:18 IST" name="testSetUp" finished-at="2020-07-19T21:30:24 IST" duration-ms="6369" status="PASS">
          <params>
            <param index="0">
              <value>
                <![CDATA[chrome]]>
              </value>
            </param>
          </params>
          <reporter-output>
          </reporter-output>
        </test-method> <!-- testSetUp -->
        <test-method signature="openGUru99()[pri:0, instance:testNGParallel.TestNGParallelThreadLocal@6ce139a4]" started-at="2020-07-19T21:30:24 IST" name="openGUru99" finished-at="2020-07-19T21:30:37 IST" duration-ms="13232" status="PASS">
          <reporter-output>
          </reporter-output>
        </test-method> <!-- openGUru99 -->
        <test-method signature="openGoogle(java.lang.String)[pri:0, instance:testNGParallel.TestNGParallelThreadLocal@6ce139a4]" started-at="2020-07-19T21:30:37 IST" name="openGoogle" finished-at="2020-07-19T21:30:41 IST" duration-ms="3906" status="PASS">
          <params>
            <param index="0">
              <value>
                <![CDATA[selenium]]>
              </value>
            </param>
          </params>
          <reporter-output>
          </reporter-output>
        </test-method> <!-- openGoogle -->
        <test-method signature="openInCom()[pri:0, instance:testNGParallel.TestNGParallelThreadLocal@6ce139a4]" started-at="2020-07-19T21:30:41 IST" name="openInCom" finished-at="2020-07-19T21:30:43 IST" duration-ms="1925" status="PASS">
          <reporter-output>
          </reporter-output>
        </test-method> <!-- openInCom -->
        <test-method is-config="true" signature="endTest()[pri:0, instance:testNGParallel.TestNGParallelThreadLocal@6ce139a4]" started-at="2020-07-19T21:30:43 IST" name="endTest" finished-at="2020-07-19T21:30:44 IST" duration-ms="786" status="PASS">
          <reporter-output>
          </reporter-output>
        </test-method> <!-- endTest -->
      </class> <!-- testNGParallel.TestNGParallelThreadLocal -->
    </test> <!-- Test1 -->
    <test started-at="2020-07-19T21:30:18 IST" name="Test3" finished-at="2020-07-19T21:31:19 IST" duration-ms="61240">
      <class name="testNGParallel.TestNGParallelThreadLocal">
        <test-method is-config="true" signature="testSetUp(java.lang.String)[pri:0, instance:testNGParallel.TestNGParallelThreadLocal@96def03]" started-at="2020-07-19T21:30:18 IST" name="testSetUp" finished-at="2020-07-19T21:30:29 IST" duration-ms="11324" status="PASS">
          <params>
            <param index="0">
              <value>
                <![CDATA[firefox]]>
              </value>
            </param>
          </params>
          <reporter-output>
          </reporter-output>
        </test-method> <!-- testSetUp -->
        <test-method signature="openGUru99()[pri:0, instance:testNGParallel.TestNGParallelThreadLocal@96def03]" started-at="2020-07-19T21:30:29 IST" name="openGUru99" finished-at="2020-07-19T21:30:43 IST" duration-ms="13796" status="PASS">
          <reporter-output>
          </reporter-output>
        </test-method> <!-- openGUru99 -->
        <test-method signature="openGoogle(java.lang.String)[pri:0, instance:testNGParallel.TestNGParallelThreadLocal@96def03]" started-at="2020-07-19T21:30:43 IST" name="openGoogle" finished-at="2020-07-19T21:30:46 IST" duration-ms="3286" status="PASS">
          <params>
            <param index="0">
              <value>
                <![CDATA[selenium]]>
              </value>
            </param>
          </params>
          <reporter-output>
          </reporter-output>
        </test-method> <!-- openGoogle -->
        <test-method signature="openInCom()[pri:0, instance:testNGParallel.TestNGParallelThreadLocal@96def03]" started-at="2020-07-19T21:30:46 IST" name="openInCom" finished-at="2020-07-19T21:30:54 IST" duration-ms="7539" status="PASS">
          <reporter-output>
          </reporter-output>
        </test-method> <!-- openInCom -->
        <test-method is-config="true" signature="endTest()[pri:0, instance:testNGParallel.TestNGParallelThreadLocal@96def03]" started-at="2020-07-19T21:30:54 IST" name="endTest" finished-at="2020-07-19T21:31:19 IST" duration-ms="25253" status="PASS">
          <reporter-output>
          </reporter-output>
        </test-method> <!-- endTest -->
      </class> <!-- testNGParallel.TestNGParallelThreadLocal -->
    </test> <!-- Test3 -->
    <test started-at="2020-07-19T21:30:18 IST" name="Test2" finished-at="2020-07-19T21:31:20 IST" duration-ms="62785">
      <class name="testNGParallel.TestNGParallelThreadLocal">
        <test-method is-config="true" signature="testSetUp(java.lang.String)[pri:0, instance:testNGParallel.TestNGParallelThreadLocal@7f010382]" started-at="2020-07-19T21:30:18 IST" name="testSetUp" finished-at="2020-07-19T21:30:29 IST" duration-ms="11795" status="PASS">
          <params>
            <param index="0">
              <value>
                <![CDATA[firefox]]>
              </value>
            </param>
          </params>
          <reporter-output>
          </reporter-output>
        </test-method> <!-- testSetUp -->
        <test-method signature="openGUru99()[pri:0, instance:testNGParallel.TestNGParallelThreadLocal@7f010382]" started-at="2020-07-19T21:30:29 IST" name="openGUru99" finished-at="2020-07-19T21:30:43 IST" duration-ms="13278" status="PASS">
          <reporter-output>
          </reporter-output>
        </test-method> <!-- openGUru99 -->
        <test-method signature="openGoogle(java.lang.String)[pri:0, instance:testNGParallel.TestNGParallelThreadLocal@7f010382]" started-at="2020-07-19T21:30:43 IST" name="openGoogle" finished-at="2020-07-19T21:30:46 IST" duration-ms="3331" status="PASS">
          <params>
            <param index="0">
              <value>
                <![CDATA[selenium]]>
              </value>
            </param>
          </params>
          <reporter-output>
          </reporter-output>
        </test-method> <!-- openGoogle -->
        <test-method signature="openInCom()[pri:0, instance:testNGParallel.TestNGParallelThreadLocal@7f010382]" started-at="2020-07-19T21:30:46 IST" name="openInCom" finished-at="2020-07-19T21:30:56 IST" duration-ms="10109" status="PASS">
          <reporter-output>
          </reporter-output>
        </test-method> <!-- openInCom -->
        <test-method is-config="true" signature="endTest()[pri:0, instance:testNGParallel.TestNGParallelThreadLocal@7f010382]" started-at="2020-07-19T21:30:56 IST" name="endTest" finished-at="2020-07-19T21:31:20 IST" duration-ms="24229" status="PASS">
          <reporter-output>
          </reporter-output>
        </test-method> <!-- endTest -->
      </class> <!-- testNGParallel.TestNGParallelThreadLocal -->
    </test> <!-- Test2 -->
  </suite> <!-- Suite -->
</testng-results>
