<?xml version="1.0" encoding="UTF-8"?>
<testng-results ignored="0" total="1" passed="1" failed="0" skipped="0">
  <reporter-output>
  </reporter-output>
  <suite started-at="2020-07-15T14:35:36 IST" name="Default suite" finished-at="2020-07-15T14:35:36 IST" duration-ms="247">
    <groups>
    </groups>
    <test started-at="2020-07-15T14:35:36 IST" name="Default test" finished-at="2020-07-15T14:35:36 IST" duration-ms="247">
      <class name="testSelenium.SeleniumDatabase">
        <test-method signature="testDB()[pri:0, instance:testSelenium.SeleniumDatabase@5824a83d]" started-at="2020-07-15T14:35:36 IST" name="testDB" finished-at="2020-07-15T14:35:36 IST" duration-ms="222" status="PASS">
          <reporter-output>
          </reporter-output>
        </test-method> <!-- testDB -->
      </class> <!-- testSelenium.SeleniumDatabase -->
    </test> <!-- Default test -->
  </suite> <!-- Default suite -->
</testng-results>
